0 info it worked if it ends with ok
1 verbose cli [ 'node', '/usr/local/bin/npm', 'init' ]
2 info using npm@2.11.3
3 info using node@v0.12.7
4 verbose node symlink /bin/node
5 silly package data undefined
6 info init written successfully
7 verbose stack TypeError: Cannot read property 'trim' of undefined
7 verbose stack     at Object.exports.valid (/usr/local/lib/node_modules/npm/node_modules/spdx/source/spdx.js:19:13)
7 verbose stack     at module.exports (/usr/local/lib/node_modules/npm/node_modules/init-package-json/node_modules/validate-npm-package-license/index.js:5:12)
7 verbose stack     at /usr/local/lib/node_modules/npm/node_modules/init-package-json/default-input.js:230:13
7 verbose stack     at PromZard.<anonymous> (/usr/local/lib/node_modules/npm/node_modules/init-package-json/node_modules/promzard/promzard.js:226:19)
7 verbose stack     at onError (/usr/local/lib/node_modules/npm/node_modules/read/lib/read.js:94:12)
7 verbose stack     at Interface.<anonymous> (/usr/local/lib/node_modules/npm/node_modules/read/lib/read.js:66:5)
7 verbose stack     at Interface.emit (events.js:104:17)
7 verbose stack     at Interface._ttyWrite (readline.js:694:16)
7 verbose stack     at ReadStream.onkeypress (readline.js:109:10)
7 verbose stack     at ReadStream.emit (events.js:110:17)
8 verbose cwd /Users/jenmoresi/formula/date-time
9 error Darwin 13.4.0
10 error argv "node" "/usr/local/bin/npm" "init"
11 error node v0.12.7
12 error npm  v2.11.3
13 error Cannot read property 'trim' of undefined
14 error If you need help, you may report this error at:
14 error     <https://github.com/npm/npm/issues>
15 verbose exit [ 1, true ]
